Concurrent verifications to the same number are not allowed
Concurrent verifications to the same number are not allowed
Concurrent verifications to the same number are not allowed
Concurrent verifications to the same number are not allowed
3544779542804af3bc84404f7a8c145c
Your request is incomplete and missing the mandatory parameter: request_id
Your request is incomplete and missing the mandatory parameter: request_id
Your request is incomplete and missing the mandatory parameter: request_id
Your request is incomplete and missing the mandatory parameter: request_id
Your request is incomplete and missing the mandatory parameter: request_id
Your request is incomplete and missing the mandatory parameter: request_id
Your request is incomplete and missing the mandatory parameter: request_id
Your request is incomplete and missing the mandatory parameter: request_id
The code provided does not match the expected value
The code provided does not match the expected value
Invalid value for param: request_id
The code provided does not match the expected value
A wrong code was provided too many times. Workflow terminated
8c9e7475563c44a39478f5de9f725fdb
Your request is incomplete and missing the mandatory parameter: request_id
Your request is incomplete and missing the mandatory parameter: request_id
The code provided does not match the expected value
The code provided does not match the expected value
A wrong code was provided too many times. Workflow terminated
Invalid value for param: request_id
601aacdf75644b4a9607f10d6ecdf2df
SUCCESS Code 434214 : 601aacdf75644b4a9607f10d6ecdf2df
uid: 0 attempted sent message to 351915318138
uid: 0 60a67a163aac4503b4358ad1835d2691
The code provided does not match the expected value
Your request is incomplete and missing the mandatory parameter: request_id
Invalid value for param: request_id
Your request is incomplete and missing the mandatory parameter: request_id
Invalid value for param: request_id
uid: 0 attempted sent message to 351915318138
uid: 0 1ec49888259d49ee8841dd88c0f3e81d
The code provided does not match the expected value
uid: 0 attempted sent message to 351915318138
uid: 0 Concurrent verifications to the same number are not allowed
uid: 0 attempted sent message to 351915318138
uid: 0 Concurrent verifications to the same number are not allowed
uid: 1002 attempted sent message to 351919849257
uid: 1002 945e5fa63f9941b7a3106878a1f2541b
SUCCESS Code 952071 : 945e5fa63f9941b7a3106878a1f2541b
Invalid value for param: request_id
Invalid value for param: request_id
Invalid value for param: request_id
Invalid value for param: request_id
uid: 1002 attempted sent message to 351919849257
uid: 1002 daf7032697224870a7f094b2100a3f94
SUCCESS Code 566752 : daf7032697224870a7f094b2100a3f94
uid: 123 attempted sent message to unknown
uid: 123 Invalid value for param: number. The provided number is not valid for the selected country 'PT'
uid: 1003 attempted sent message to unknown
uid: 1003 Invalid value for param: number. The provided number is not valid for the selected country 'PT'
uid: 1003 attempted sent message to unknown
uid: 1003 Invalid value for param: number. The provided number is not valid for the selected country 'PT'
uid: 1003 attempted sent message to unknown
uid: 1003 Invalid value for param: number. The provided number is not valid for the selected country 'PT'
uid: 1003 attempted sent message to unknown
uid: 1003 Invalid value for param: number. The provided number is not valid for the selected country 'PT'
uid: 1003 attempted sent message to unknown
uid: 1003 Invalid value for param: number. The provided number is not valid for the selected country 'PT'
uid: 1003 attempted sent message to unknown
uid: 1003 Invalid value for param: number. The provided number is not valid for the selected country 'PT'
uid: 1003 attempted sent message to unknown
uid: 1003 Invalid value for param: number. The provided number is not valid for the selected country 'PT'
uid: 1003 attempted sent message to unknown
uid: 1003 Invalid value for param: number. The provided number is not valid for the selected country 'PT'
